  ui_warning-text_00.cpp
  ui_user-guid_00.cpp
  ui_title-logo_00.cpp
  ui_tips_00.cpp
  ui_screen_00.cpp
  ui_ranking-frame_00.cpp
  ui_parameter_00.cpp
  ui_menu_00.cpp
  ui_menu-comment_00.cpp
  ui_map_00.cpp
  ui_item-icon_00.cpp
  ui_item-guid_00.cpp
  ui_inventory_00.cpp
  ui_input-guid_00.cpp
  ui_hp-bar_01.cpp
  ui_hp-bar_00.cpp
  ui_frame_00.cpp
  ui_dialog-box_00.cpp
  ui_damage_00.cpp
  ui_coin-frame_00.cpp
  コードを生成中...
  コンパイル中...
  ui_attention-mark_00.cpp
  text.cpp
c:\users\student\ゲーム&ツール制作\05_完成品まとめ-企業提出用\吉田学園情報ビジネス専門学校 西村 吏功 作品まとめ\吉田学園情報ビジネス専門学校_西村吏功_作品まとめ\02_mow!mow!guarder\02_開発環境\code\text.cpp(230): warning C4018: '<': signed と unsigned の数値を比較しようとしました。
c:\users\student\ゲーム&ツール制作\05_完成品まとめ-企業提出用\吉田学園情報ビジネス専門学校 西村 吏功 作品まとめ\吉田学園情報ビジネス専門学校_西村吏功_作品まとめ\02_mow!mow!guarder\02_開発環境\code\text.cpp(232): warning C4018: '<': signed と unsigned の数値を比較しようとしました。
c:\users\student\ゲーム&ツール制作\05_完成品まとめ-企業提出用\吉田学園情報ビジネス専門学校 西村 吏功 作品まとめ\吉田学園情報ビジネス専門学校_西村吏功_作品まとめ\02_mow!mow!guarder\02_開発環境\code\text.cpp(286): warning C4101: 'pVtx': ローカル変数は 1 度も使われていません。
c:\users\student\ゲーム&ツール制作\05_完成品まとめ-企業提出用\吉田学園情報ビジネス専門学校 西村 吏功 作品まとめ\吉田学園情報ビジネス専門学校_西村吏功_作品まとめ\02_mow!mow!guarder\02_開発環境\code\text.cpp(356): warning C4018: '<': signed と unsigned の数値を比較しようとしました。
c:\users\student\ゲーム&ツール制作\05_完成品まとめ-企業提出用\吉田学園情報ビジネス専門学校 西村 吏功 作品まとめ\吉田学園情報ビジネス専門学校_西村吏功_作品まとめ\02_mow!mow!guarder\02_開発環境\code\text.cpp(358): warning C4018: '<': signed と unsigned の数値を比較しようとしました。
c:\users\student\ゲーム&ツール制作\05_完成品まとめ-企業提出用\吉田学園情報ビジネス専門学校 西村 吏功 作品まとめ\吉田学園情報ビジネス専門学校_西村吏功_作品まとめ\02_mow!mow!guarder\02_開発環境\code\text.cpp(494): warning C4018: '<': signed と unsigned の数値を比較しようとしました。
c:\users\student\ゲーム&ツール制作\05_完成品まとめ-企業提出用\吉田学園情報ビジネス専門学校 西村 吏功 作品まとめ\吉田学園情報ビジネス専門学校_西村吏功_作品まとめ\02_mow!mow!guarder\02_開発環境\code\text.cpp(569): warning C4018: '<': signed と unsigned の数値を比較しようとしました。
  sys_ranking_00.cpp
  system.cpp
  specific.cpp
  sound.cpp
  setting.cpp
  polygon3D.cpp
c:\users\student\ゲーム&ツール制作\05_完成品まとめ-企業提出用\吉田学園情報ビジネス専門学校 西村 吏功 作品まとめ\吉田学園情報ビジネス専門学校_西村吏功_作品まとめ\02_mow!mow!guarder\02_開発環境\code\polygon3d.cpp(330): warning C4477: 'fscanf' : 書式文字列 '%d' には、型 'int *' の引数が必要ですが、可変個引数 1 は型 'bool *' です
  polygon2D.cpp
c:\users\student\ゲーム&ツール制作\05_完成品まとめ-企業提出用\吉田学園情報ビジネス専門学校 西村 吏功 作品まとめ\吉田学園情報ビジネス専門学校_西村吏功_作品まとめ\02_mow!mow!guarder\02_開発環境\code\polygon2d.cpp(362): warning C4477: 'fscanf' : 書式文字列 '%d' には、型 'int *' の引数が必要ですが、可変個引数 1 は型 'bool *' です
c:\users\student\ゲーム&ツール制作\05_完成品まとめ-企業提出用\吉田学園情報ビジネス専門学校 西村 吏功 作品まとめ\吉田学園情報ビジネス専門学校_西村吏功_作品まとめ\02_mow!mow!guarder\02_開発環境\code\polygon2d.cpp(546): warning C4477: 'fscanf' : 書式文字列 '%d' には、型 'int *' の引数が必要ですが、可変個引数 1 は型 'bool *' です
c:\users\student\ゲーム&ツール制作\05_完成品まとめ-企業提出用\吉田学園情報ビジネス専門学校 西村 吏功 作品まとめ\吉田学園情報ビジネス専門学校_西村吏功_作品まとめ\02_mow!mow!guarder\02_開発環境\code\polygon2d.cpp(547): warning C4477: 'fscanf' : 書式文字列 '%d' には、型 'int *' の引数が必要ですが、可変個引数 1 は型 'bool *' です
  physics.cpp
c:\users\student\ゲーム&ツール制作\05_完成品まとめ-企業提出用\吉田学園情報ビジネス専門学校 西村 吏功 作品まとめ\吉田学園情報ビジネス専門学校_西村吏功_作品まとめ\02_mow!mow!guarder\02_開発環境\code\physics.cpp(856): warning C4477: 'fscanf' : 書式文字列 '%d' には、型 'int *' の引数が必要ですが、可変個引数 1 は型 'bool *' です
c:\users\student\ゲーム&ツール制作\05_完成品まとめ-企業提出用\吉田学園情報ビジネス専門学校 西村 吏功 作品まとめ\吉田学園情報ビジネス専門学校_西村吏功_作品まとめ\02_mow!mow!guarder\02_開発環境\code\physics.cpp(857): warning C4477: 'fscanf' : 書式文字列 '%d' には、型 'int *' の引数が必要ですが、可変個引数 1 は型 'bool *' です
c:\users\student\ゲーム&ツール制作\05_完成品まとめ-企業提出用\吉田学園情報ビジネス専門学校 西村 吏功 作品まとめ\吉田学園情報ビジネス専門学校_西村吏功_作品まとめ\02_mow!mow!guarder\02_開発環境\code\physics.cpp(858): warning C4477: 'fscanf' : 書式文字列 '%d' には、型 'int *' の引数が必要ですが、可変個引数 1 は型 'bool *' です
c:\users\student\ゲーム&ツール制作\05_完成品まとめ-企業提出用\吉田学園情報ビジネス専門学校 西村 吏功 作品まとめ\吉田学園情報ビジネス専門学校_西村吏功_作品まとめ\02_mow!mow!guarder\02_開発環境\code\physics.cpp(859): warning C4477: 'fscanf' : 書式文字列 '%d' には、型 'int *' の引数が必要ですが、可変個引数 1 は型 'bool *' です
c:\users\student\ゲーム&ツール制作\05_完成品まとめ-企業提出用\吉田学園情報ビジネス専門学校 西村 吏功 作品まとめ\吉田学園情報ビジネス専門学校_西村吏功_作品まとめ\02_mow!mow!guarder\02_開発環境\code\physics.cpp(860): warning C4477: 'fscanf' : 書式文字列 '%d' には、型 'int *' の引数が必要ですが、可変個引数 1 は型 'bool *' です
c:\users\student\ゲーム&ツール制作\05_完成品まとめ-企業提出用\吉田学園情報ビジネス専門学校 西村 吏功 作品まとめ\吉田学園情報ビジネス専門学校_西村吏功_作品まとめ\02_mow!mow!guarder\02_開発環境\code\physics.cpp(861): warning C4477: 'fscanf' : 書式文字列 '%d' には、型 'int *' の引数が必要ですが、可変個引数 1 は型 'bool *' です
  obj_turret_00.cpp
  obj_target_00.cpp
  obj_switch_00.cpp
  obj_stage_00.cpp
c:\users\student\ゲーム&ツール制作\05_完成品まとめ-企業提出用\吉田学園情報ビジネス専門学校 西村 吏功 作品まとめ\吉田学園情報ビジネス専門学校_西村吏功_作品まとめ\02_mow!mow!guarder\02_開発環境\code\obj_stage_00.cpp(431): warning C4477: 'fscanf' : 書式文字列 '%d' には、型 'int *' の引数が必要ですが、可変個引数 1 は型 'bool *' です
c:\users\student\ゲーム&ツール制作\05_完成品まとめ-企業提出用\吉田学園情報ビジネス専門学校 西村 吏功 作品まとめ\吉田学園情報ビジネス専門学校_西村吏功_作品まとめ\02_mow!mow!guarder\02_開発環境\code\obj_stage_00.cpp(432): warning C4477: 'fscanf' : 書式文字列 '%d' には、型 'int *' の引数が必要ですが、可変個引数 1 は型 'bool *' です
c:\users\student\ゲーム&ツール制作\05_完成品まとめ-企業提出用\吉田学園情報ビジネス専門学校 西村 吏功 作品まとめ\吉田学園情報ビジネス専門学校_西村吏功_作品まとめ\02_mow!mow!guarder\02_開発環境\code\obj_stage_00.cpp(988): warning C4477: 'fscanf' : 書式文字列 '%d' には、型 'int *' の引数が必要ですが、可変個引数 1 は型 'bool *' です
  obj_signboard_00.cpp
  obj_pedestal_00.cpp
  obj_mirror_00.cpp
  obj_discharger_00.cpp
  obj_core_00.cpp
  obj_block_00.cpp
  コードを生成中...
  コンパイル中...
  object.cpp
  md_tutorial_00.cpp
  md_title_00.cpp
  md_game_00.cpp
  main.cpp
  light.cpp
  itm_coin_00.cpp
  item.cpp
  input.cpp
c:\users\student\ゲーム&ツール制作\05_完成品まとめ-企業提出用\吉田学園情報ビジネス専門学校 西村 吏功 作品まとめ\吉田学園情報ビジネス専門学校_西村吏功_作品まとめ\02_mow!mow!guarder\02_開発環境\code\input.cpp(339): warning C4804: '~': 演算中の 'bool' 型の使用方法が安全ではありません
c:\users\student\ゲーム&ツール制作\05_完成品まとめ-企業提出用\吉田学園情報ビジネス専門学校 西村 吏功 作品まとめ\吉田学園情報ビジネス専門学校_西村吏功_作品まとめ\02_mow!mow!guarder\02_開発環境\code\input.cpp(449): warning C4804: '~': 演算中の 'bool' 型の使用方法が安全ではありません
c:\users\student\ゲーム&ツール制作\05_完成品まとめ-企業提出用\吉田学園情報ビジネス専門学校 西村 吏功 作品まとめ\吉田学園情報ビジネス専門学校_西村吏功_作品まとめ\02_mow!mow!guarder\02_開発環境\code\input.cpp(642): warning C4800: 'BYTE': ブール値を 'true' または 'false' に強制的に設定します (警告の処理)
c:\users\student\ゲーム&ツール制作\05_完成品まとめ-企業提出用\吉田学園情報ビジネス専門学校 西村 吏功 作品まとめ\吉田学園情報ビジネス専門学校_西村吏功_作品まとめ\02_mow!mow!guarder\02_開発環境\code\input.cpp(650): warning C4800: 'BYTE': ブール値を 'true' または 'false' に強制的に設定します (警告の処理)
c:\users\student\ゲーム&ツール制作\05_完成品まとめ-企業提出用\吉田学園情報ビジネス専門学校 西村 吏功 作品まとめ\吉田学園情報ビジネス専門学校_西村吏功_作品まとめ\02_mow!mow!guarder\02_開発環境\code\input.cpp(658): warning C4800: 'BYTE': ブール値を 'true' または 'false' に強制的に設定します (警告の処理)
c:\users\student\ゲーム&ツール制作\05_完成品まとめ-企業提出用\吉田学園情報ビジネス専門学校 西村 吏功 作品まとめ\吉田学園情報ビジネス専門学校_西村吏功_作品まとめ\02_mow!mow!guarder\02_開発環境\code\input.cpp(666): warning C4800: 'BYTE': ブール値を 'true' または 'false' に強制的に設定します (警告の処理)
  fade.cpp
  eff_shock-wave_00.cpp
  eff_shadow_00.cpp
  eff_screen_00.cpp
  eff_particle_00.cpp
  eff_light_00.cpp
  eff_explosion_00.cpp
  effect.cpp
  color.cpp
  chunk.cpp
  chr_player_00.cpp
  コードを生成中...
c:\users\student\ゲーム&ツール制作\05_完成品まとめ-企業提出用\吉田学園情報ビジネス専門学校 西村 吏功 作品まとめ\吉田学園情報ビジネス専門学校_西村吏功_作品まとめ\02_mow!mow!guarder\02_開発環境\code\chunk.cpp(69): warning C4715: 'Count': 値を返さないコントロール パスがあります。
  コンパイル中...
  chr_enemy_00.cpp
  character.cpp
  camera.cpp
  bg_space_00.cpp
  bg_mountain_00.cpp
  attack.cpp
  atk_sword_00.cpp
  atk_impact_00.cpp
  atk_bullet_00.cpp
c:\users\student\ゲーム&ツール制作\05_完成品まとめ-企業提出用\吉田学園情報ビジネス専門学校 西村 吏功 作品まとめ\吉田学園情報ビジネス専門学校_西村吏功_作品まとめ\02_mow!mow!guarder\02_開発環境\code\atk_bullet_00.cpp(388): warning C4800: 'int': ブール値を 'true' または 'false' に強制的に設定します (警告の処理)
  コードを生成中...
  Mow!Mow!Guarder.vcxproj -> C:\Users\student\ゲーム&ツール制作\05_完成品まとめ-企業提出用\吉田学園情報ビジネス専門学校 西村 吏功 作品まとめ\吉田学園情報ビジネス専門学校_西村吏功_作品まとめ\02_Mow!Mow!Guarder\02_開発環境\Debug\Mow!Mow!Guarder.exe
  Mow!Mow!Guarder.vcxproj -> C:\Users\student\ゲーム&ツール制作\05_完成品まとめ-企業提出用\吉田学園情報ビジネス専門学校 西村 吏功 作品まとめ\吉田学園情報ビジネス専門学校_西村吏功_作品まとめ\02_Mow!Mow!Guarder\02_開発環境\Debug\Mow!Mow!Guarder.pdb (Full PDB)
